[00:51:48.140] [32mINFO[39m (7188): [36mServer listening[39m
    [35mport[39m: 5000
[00:52:09.648] [32mINFO[39m (7188): [36mrequest completed[39m
    [35mreq[39m: {
      "id": 1,
      "method": "GET",
      "url": "/api/healthz"
    }
    [35mres[39m: {
      "statusCode": 200
    }
    [35mresponseTime[39m: 19
[00:53:11.131] [32mINFO[39m (7188): [36mrequest completed[39m
    [35mreq[39m: {
      "id": 2,
      "method": "POST",
      "url": "/api/records/import"
    }
    [35mres[39m: {
      "statusCode": 201
    }
    [35mresponseTime[39m: 4441
[00:53:14.551] [32mINFO[39m (7188): [36mrequest completed[39m
    [35mreq[39m: {
      "id": 3,
      "method": "POST",
      "url": "/api/records/import"
    }
    [35mres[39m: {
      "statusCode": 201
    }
    [35mresponseTime[39m: 3399
[00:53:18.313] [32mINFO[39m (7188): [36mrequest completed[39m
    [35mreq[39m: {
      "id": 4,
      "method": "POST",
      "url": "/api/records/import"
    }
    [35mres[39m: {
      "statusCode": 201
    }
    [35mresponseTime[39m: 3757
[00:53:20.194] [32mINFO[39m (7188): [36mrequest completed[39m
    [35mreq[39m: {
      "id": 5,
      "method": "POST",
      "url": "/api/records/import"
    }
    [35mres[39m: {
      "statusCode": 201
    }
    [35mresponseTime[39m: 1875
[00:53:22.115] [32mINFO[39m (7188): [36mrequest completed[39m
    [35mreq[39m: {
      "id": 6,
      "method": "POST",
      "url": "/api/records/import"
    }
    [35mres[39m: {
      "statusCode": 201
    }
    [35mresponseTime[39m: 1917
[00:53:24.003] [32mINFO[39m (7188): [36mrequest completed[39m
    [35mreq[39m: {
      "id": 7,
      "method": "POST",
      "url": "/api/records/import"
    }
    [35mres[39m: {
      "statusCode": 201
    }
    [35mresponseTime[39m: 1885
[00:53:25.656] [32mINFO[39m (7188): [36mrequest completed[39m
    [35mreq[39m: {
      "id": 8,
      "method": "POST",
      "url": "/api/records/import"
    }
    [35mres[39m: {
      "statusCode": 201
    }
    [35mresponseTime[39m: 1649
[00:53:27.265] [32mINFO[39m (7188): [36mrequest completed[39m
    [35mreq[39m: {
      "id": 9,
      "method": "POST",
      "url": "/api/records/import"
    }
    [35mres[39m: {
      "statusCode": 201
    }
    [35mresponseTime[39m: 1606
[00:53:29.101] [32mINFO[39m (7188): [36mrequest completed[39m
    [35mreq[39m: {
      "id": 10,
      "method": "POST",
      "url": "/api/records/import"
    }
    [35mres[39m: {
      "statusCode": 201
    }
    [35mresponseTime[39m: 1833
[00:53:30.910] [32mINFO[39m (7188): [36mrequest completed[39m
    [35mreq[39m: {
      "id": 11,
      "method": "POST",
      "url": "/api/records/import"
    }
    [35mres[39m: {
      "statusCode": 201
    }
    [35mresponseTime[39m: 1805
[00:53:32.811] [32mINFO[39m (7188): [36mrequest completed[39m
    [35mreq[39m: {
      "id": 12,
      "method": "POST",
      "url": "/api/records/import"
    }
    [35mres[39m: {
      "statusCode": 201
    }
    [35mresponseTime[39m: 1898
[00:53:34.339] [32mINFO[39m (7188): [36mrequest completed[39m
    [35mreq[39m: {
      "id": 13,
      "method": "POST",
      "url": "/api/records/import"
    }
    [35mres[39m: {
      "statusCode": 201
    }
    [35mresponseTime[39m: 1526
[00:53:36.718] [32mINFO[39m (7188): [36mrequest completed[39m
    [35mreq[39m: {
      "id": 14,
      "method": "POST",
      "url": "/api/records/import"
    }
    [35mres[39m: {
      "statusCode": 201
    }
    [35mresponseTime[39m: 2377
[00:53:39.278] [32mINFO[39m (7188): [36mrequest completed[39m
    [35mreq[39m: {
      "id": 15,
      "method": "POST",
      "url": "/api/records/import"
    }
    [35mres[39m: {
      "statusCode": 201
    }
    [35mresponseTime[39m: 2558
[00:53:41.689] [32mINFO[39m (7188): [36mrequest completed[39m
    [35mreq[39m: {
      "id": 16,
      "method": "POST",
      "url": "/api/records/import"
    }
    [35mres[39m: {
      "statusCode": 201
    }
    [35mresponseTime[39m: 2409
[00:53:43.082] [32mINFO[39m (7188): [36mrequest completed[39m
    [35mreq[39m: {
      "id": 17,
      "method": "POST",
      "url": "/api/records/import"
    }
    [35mres[39m: {
      "statusCode": 201
    }
    [35mresponseTime[39m: 1390
[00:53:44.367] [32mINFO[39m (7188): [36mrequest completed[39m
    [35mreq[39m: {
      "id": 18,
      "method": "POST",
      "url": "/api/records/import"
    }
    [35mres[39m: {
      "statusCode": 201
    }
    [35mresponseTime[39m: 1284
[00:53:45.903] [32mINFO[39m (7188): [36mrequest completed[39m
    [35mreq[39m: {
      "id": 19,
      "method": "POST",
      "url": "/api/records/import"
    }
    [35mres[39m: {
      "statusCode": 201
    }
    [35mresponseTime[39m: 1533
[00:53:46.876] [32mINFO[39m (7188): [36mrequest completed[39m
    [35mreq[39m: {
      "id": 20,
      "method": "POST",
      "url": "/api/records/import"
    }
    [35mres[39m: {
      "statusCode": 201
    }
    [35mresponseTime[39m: 971
[00:53:47.595] [32mINFO[39m (7188): [36mrequest completed[39m
    [35mreq[39m: {
      "id": 21,
      "method": "POST",
      "url": "/api/records/import"
    }
    [35mres[39m: {
      "statusCode": 201
    }
    [35mresponseTime[39m: 718
[00:53:48.547] [32mINFO[39m (7188): [36mrequest completed[39m
    [35mreq[39m: {
      "id": 22,
      "method": "POST",
      "url": "/api/records/import"
    }
    [35mres[39m: {
      "statusCode": 201
    }
    [35mresponseTime[39m: 950
[00:53:49.898] [32mINFO[39m (7188): [36mrequest completed[39m
    [35mreq[39m: {
      "id": 23,
      "method": "POST",
      "url": "/api/records/import"
    }
    [35mres[39m: {
      "statusCode": 201
    }
    [35mresponseTime[39m: 1348
[00:53:51.210] [32mINFO[39m (7188): [36mrequest completed[39m
    [35mreq[39m: {
      "id": 24,
      "method": "POST",
      "url": "/api/records/import"
    }
    [35mres[39m: {
      "statusCode": 201
    }
    [35mresponseTime[39m: 1310
[00:53:53.017] [32mINFO[39m (7188): [36mrequest completed[39m
    [35mreq[39m: {
      "id": 25,
      "method": "POST",
      "url": "/api/records/import"
    }
    [35mres[39m: {
      "statusCode": 201
    }
    [35mresponseTime[39m: 1805
[00:53:54.463] [32mINFO[39m (7188): [36mrequest completed[39m
    [35mreq[39m: {
      "id": 26,
      "method": "POST",
      "url": "/api/records/import"
    }
    [35mres[39m: {
      "statusCode": 201
    }
    [35mresponseTime[39m: 1444
[00:53:56.466] [32mINFO[39m (7188): [36mrequest completed[39m
    [35mreq[39m: {
      "id": 27,
      "method": "POST",
      "url": "/api/records/import"
    }
    [35mres[39m: {
      "statusCode": 201
    }
    [35mresponseTime[39m: 2000
[00:53:59.193] [32mINFO[39m (7188): [36mrequest completed[39m
    [35mreq[39m: {
      "id": 28,
      "method": "POST",
      "url": "/api/records/import"
    }
    [35mres[39m: {
      "statusCode": 201
    }
    [35mresponseTime[39m: 2724
[00:54:02.748] [32mINFO[39m (7188): [36mrequest completed[39m
    [35mreq[39m: {
      "id": 29,
      "method": "POST",
      "url": "/api/records/import"
    }
    [35mres[39m: {
      "statusCode": 201
    }
    [35mresponseTime[39m: 3553
[00:54:05.331] [32mINFO[39m (7188): [36mrequest completed[39m
    [35mreq[39m: {
      "id": 30,
      "method": "POST",
      "url": "/api/records/import"
    }
    [35mres[39m: {
      "statusCode": 201
    }
    [35mresponseTime[39m: 2578
[00:54:07.736] [32mINFO[39m (7188): [36mrequest completed[39m
    [35mreq[39m: {
      "id": 31,
      "method": "POST",
      "url": "/api/records/import"
    }
    [35mres[39m: {
      "statusCode": 201
    }
    [35mresponseTime[39m: 2403
[00:54:08.311] [32mINFO[39m (7188): [36mrequest completed[39m
    [35mreq[39m: {
      "id": 32,
      "method": "POST",
      "url": "/api/records/import"
    }
    [35mres[39m: {
      "statusCode": 201
    }
    [35mresponseTime[39m: 573
