[18:33:18.389] [32mINFO[39m (3240): [36mServer listening[39m
    [35mport[39m: 8080
[18:33:56.300] [32mINFO[39m (3240): [36mrequest completed[39m
    [35mreq[39m: {
      "id": 1,
      "method": "GET",
      "url": "/api/healthz"
    }
    [35mres[39m: {
      "statusCode": 200
    }
    [35mresponseTime[39m: 11
[18:34:45.478] [32mINFO[39m (3240): [36mrequest completed[39m
    [35mreq[39m: {
      "id": 2,
      "method": "POST",
      "url": "/api/records/import"
    }
    [35mres[39m: {
      "statusCode": 400
    }
    [35mresponseTime[39m: 25
[18:35:22.556] [32mINFO[39m (3240): [36mrequest completed[39m
    [35mreq[39m: {
      "id": 3,
      "method": "POST",
      "url": "/api/records/import"
    }
    [35mres[39m: {
      "statusCode": 201
    }
    [35mresponseTime[39m: 3731
[18:35:23.158] [32mINFO[39m (3240): [36mrequest completed[39m
    [35mreq[39m: {
      "id": 4,
      "method": "POST",
      "url": "/api/records/import"
    }
    [35mres[39m: {
      "statusCode": 201
    }
    [35mresponseTime[39m: 581
[18:35:23.742] [32mINFO[39m (3240): [36mrequest completed[39m
    [35mreq[39m: {
      "id": 5,
      "method": "POST",
      "url": "/api/records/import"
    }
    [35mres[39m: {
      "statusCode": 201
    }
    [35mresponseTime[39m: 580
[18:35:24.329] [32mINFO[39m (3240): [36mrequest completed[39m
    [35mreq[39m: {
      "id": 6,
      "method": "POST",
      "url": "/api/records/import"
    }
    [35mres[39m: {
      "statusCode": 201
    }
    [35mresponseTime[39m: 583
[18:35:24.911] [32mINFO[39m (3240): [36mrequest completed[39m
    [35mreq[39m: {
      "id": 7,
      "method": "POST",
      "url": "/api/records/import"
    }
    [35mres[39m: {
      "statusCode": 201
    }
    [35mresponseTime[39m: 579
[18:35:25.222] [32mINFO[39m (3240): [36mrequest completed[39m
    [35mreq[39m: {
      "id": 8,
      "method": "POST",
      "url": "/api/records/import"
    }
    [35mres[39m: {
      "statusCode": 201
    }
    [35mresponseTime[39m: 308
[18:35:25.539] [32mINFO[39m (3240): [36mrequest completed[39m
    [35mreq[39m: {
      "id": 9,
      "method": "POST",
      "url": "/api/records/import"
    }
    [35mres[39m: {
      "statusCode": 201
    }
    [35mresponseTime[39m: 314
[18:35:25.854] [32mINFO[39m (3240): [36mrequest completed[39m
    [35mreq[39m: {
      "id": 10,
      "method": "POST",
      "url": "/api/records/import"
    }
    [35mres[39m: {
      "statusCode": 201
    }
    [35mresponseTime[39m: 312
[18:35:26.161] [32mINFO[39m (3240): [36mrequest completed[39m
    [35mreq[39m: {
      "id": 11,
      "method": "POST",
      "url": "/api/records/import"
    }
    [35mres[39m: {
      "statusCode": 201
    }
    [35mresponseTime[39m: 304
[18:35:26.467] [32mINFO[39m (3240): [36mrequest completed[39m
    [35mreq[39m: {
      "id": 12,
      "method": "POST",
      "url": "/api/records/import"
    }
    [35mres[39m: {
      "statusCode": 201
    }
    [35mresponseTime[39m: 302
[18:35:26.772] [32mINFO[39m (3240): [36mrequest completed[39m
    [35mreq[39m: {
      "id": 13,
      "method": "POST",
      "url": "/api/records/import"
    }
    [35mres[39m: {
      "statusCode": 201
    }
    [35mresponseTime[39m: 303
[18:35:27.076] [32mINFO[39m (3240): [36mrequest completed[39m
    [35mreq[39m: {
      "id": 14,
      "method": "POST",
      "url": "/api/records/import"
    }
    [35mres[39m: {
      "statusCode": 201
    }
    [35mresponseTime[39m: 300
[18:35:27.377] [32mINFO[39m (3240): [36mrequest completed[39m
    [35mreq[39m: {
      "id": 15,
      "method": "POST",
      "url": "/api/records/import"
    }
    [35mres[39m: {
      "statusCode": 201
    }
    [35mresponseTime[39m: 298
[18:35:27.677] [32mINFO[39m (3240): [36mrequest completed[39m
    [35mreq[39m: {
      "id": 16,
      "method": "POST",
      "url": "/api/records/import"
    }
    [35mres[39m: {
      "statusCode": 201
    }
    [35mresponseTime[39m: 297
[18:35:27.977] [32mINFO[39m (3240): [36mrequest completed[39m
    [35mreq[39m: {
      "id": 17,
      "method": "POST",
      "url": "/api/records/import"
    }
    [35mres[39m: {
      "statusCode": 201
    }
    [35mresponseTime[39m: 298
[18:35:28.615] [32mINFO[39m (3240): [36mrequest completed[39m
    [35mreq[39m: {
      "id": 18,
      "method": "POST",
      "url": "/api/records/import"
    }
    [35mres[39m: {
      "statusCode": 201
    }
    [35mresponseTime[39m: 636
[18:35:28.919] [32mINFO[39m (3240): [36mrequest completed[39m
    [35mreq[39m: {
      "id": 19,
      "method": "POST",
      "url": "/api/records/import"
    }
    [35mres[39m: {
      "statusCode": 201
    }
    [35mresponseTime[39m: 301
[18:35:29.216] [32mINFO[39m (3240): [36mrequest completed[39m
    [35mreq[39m: {
      "id": 20,
      "method": "POST",
      "url": "/api/records/import"
    }
    [35mres[39m: {
      "statusCode": 201
    }
    [35mresponseTime[39m: 295
[18:35:29.512] [32mINFO[39m (3240): [36mrequest completed[39m
    [35mreq[39m: {
      "id": 21,
      "method": "POST",
      "url": "/api/records/import"
    }
    [35mres[39m: {
      "statusCode": 201
    }
    [35mresponseTime[39m: 293
[18:35:29.806] [32mINFO[39m (3240): [36mrequest completed[39m
    [35mreq[39m: {
      "id": 22,
      "method": "POST",
      "url": "/api/records/import"
    }
    [35mres[39m: {
      "statusCode": 201
    }
    [35mresponseTime[39m: 292
[18:35:30.111] [32mINFO[39m (3240): [36mrequest completed[39m
    [35mreq[39m: {
      "id": 23,
      "method": "POST",
      "url": "/api/records/import"
    }
    [35mres[39m: {
      "statusCode": 201
    }
    [35mresponseTime[39m: 302
[18:35:30.409] [32mINFO[39m (3240): [36mrequest completed[39m
    [35mreq[39m: {
      "id": 24,
      "method": "POST",
      "url": "/api/records/import"
    }
    [35mres[39m: {
      "statusCode": 201
    }
    [35mresponseTime[39m: 296
[18:35:30.706] [32mINFO[39m (3240): [36mrequest completed[39m
    [35mreq[39m: {
      "id": 25,
      "method": "POST",
      "url": "/api/records/import"
    }
    [35mres[39m: {
      "statusCode": 201
    }
    [35mresponseTime[39m: 295
[18:35:31.000] [32mINFO[39m (3240): [36mrequest completed[39m
    [35mreq[39m: {
      "id": 26,
      "method": "POST",
      "url": "/api/records/import"
    }
    [35mres[39m: {
      "statusCode": 201
    }
    [35mresponseTime[39m: 292
[18:35:31.314] [32mINFO[39m (3240): [36mrequest completed[39m
    [35mreq[39m: {
      "id": 27,
      "method": "POST",
      "url": "/api/records/import"
    }
    [35mres[39m: {
      "statusCode": 201
    }
    [35mresponseTime[39m: 300
[18:35:31.619] [32mINFO[39m (3240): [36mrequest completed[39m
    [35mreq[39m: {
      "id": 28,
      "method": "POST",
      "url": "/api/records/import"
    }
    [35mres[39m: {
      "statusCode": 201
    }
    [35mresponseTime[39m: 302
[18:35:31.919] [32mINFO[39m (3240): [36mrequest completed[39m
    [35mreq[39m: {
      "id": 29,
      "method": "POST",
      "url": "/api/records/import"
    }
    [35mres[39m: {
      "statusCode": 201
    }
    [35mresponseTime[39m: 298
[18:35:32.215] [32mINFO[39m (3240): [36mrequest completed[39m
    [35mreq[39m: {
      "id": 30,
      "method": "POST",
      "url": "/api/records/import"
    }
    [35mres[39m: {
      "statusCode": 201
    }
    [35mresponseTime[39m: 293
[18:35:32.515] [32mINFO[39m (3240): [36mrequest completed[39m
    [35mreq[39m: {
      "id": 31,
      "method": "POST",
      "url": "/api/records/import"
    }
    [35mres[39m: {
      "statusCode": 201
    }
    [35mresponseTime[39m: 297
[18:35:32.817] [32mINFO[39m (3240): [36mrequest completed[39m
    [35mreq[39m: {
      "id": 32,
      "method": "POST",
      "url": "/api/records/import"
    }
    [35mres[39m: {
      "statusCode": 201
    }
    [35mresponseTime[39m: 299
[18:35:33.097] [32mINFO[39m (3240): [36mrequest completed[39m
    [35mreq[39m: {
      "id": 33,
      "method": "POST",
      "url": "/api/records/import"
    }
    [35mres[39m: {
      "statusCode": 201
    }
    [35mresponseTime[39m: 278
